1770756886.552427 client started (12462): version 3.6a, socket /tmp/tmux-1000/default, protocol 8
1770756886.552455 on Linux 6.6.87.2-microsoft-standard-WSL2 #1 SMP PREEMPT_DYNAMIC Thu Jun  5 18:30:46 UTC 2025
1770756886.552457 using libevent 2.1.12-stable poll
1770756886.590670 using utf8proc 2.11.3
1770756886.590699 using ncurses 6.5 20240427
1770756886.590748 flags are 0x10010000
1770756886.590752 socket is /tmp/tmux-1000/default
1770756886.590768 trying connect
1770756886.590920 add peer 0x57b0768f0bf0: 6 ((nil))
1770756886.591719 sending message 111 to peer 0x57b0768f0bf0 (8 bytes)
1770756886.591728 sending message 111 to peer 0x57b0768f0bf0 (8 bytes)
1770756886.591731 sending message 101 to peer 0x57b0768f0bf0 (14 bytes)
1770756886.591734 sending message 109 to peer 0x57b0768f0bf0 (4 bytes)
1770756886.591736 sending message 102 to peer 0x57b0768f0bf0 (11 bytes)
1770756886.591738 sending message 108 to peer 0x57b0768f0bf0 (39 bytes)
1770756886.591740 sending message 112 to peer 0x57b0768f0bf0 (70 bytes)
1770756886.591742 sending message 112 to peer 0x57b0768f0bf0 (5 bytes)
1770756886.591744 sending message 112 to peer 0x57b0768f0bf0 (5 bytes)
1770756886.591746 sending message 112 to peer 0x57b0768f0bf0 (6 bytes)
1770756886.591748 sending message 112 to peer 0x57b0768f0bf0 (6 bytes)
1770756886.591750 sending message 112 to peer 0x57b0768f0bf0 (11 bytes)
1770756886.591752 sending message 112 to peer 0x57b0768f0bf0 (10 bytes)
1770756886.591754 sending message 112 to peer 0x57b0768f0bf0 (13 bytes)
1770756886.591755 sending message 112 to peer 0x57b0768f0bf0 (13 bytes)
1770756886.591757 sending message 112 to peer 0x57b0768f0bf0 (18 bytes)
1770756886.591759 sending message 112 to peer 0x57b0768f0bf0 (11 bytes)
1770756886.591761 sending message 112 to peer 0x57b0768f0bf0 (10 bytes)
1770756886.591762 sending message 112 to peer 0x57b0768f0bf0 (15 bytes)
1770756886.591764 sending message 112 to peer 0x57b0768f0bf0 (21 bytes)
1770756886.591766 sending message 112 to peer 0x57b0768f0bf0 (13 bytes)
1770756886.591767 sending message 112 to peer 0x57b0768f0bf0 (7 bytes)
1770756886.591769 sending message 112 to peer 0x57b0768f0bf0 (13 bytes)
1770756886.591771 sending message 112 to peer 0x57b0768f0bf0 (7 bytes)
1770756886.591773 sending message 112 to peer 0x57b0768f0bf0 (13 bytes)
1770756886.591774 sending message 112 to peer 0x57b0768f0bf0 (9 bytes)
1770756886.591776 sending message 112 to peer 0x57b0768f0bf0 (21 bytes)
1770756886.591778 sending message 112 to peer 0x57b0768f0bf0 (13 bytes)
1770756886.591780 sending message 112 to peer 0x57b0768f0bf0 (8 bytes)
1770756886.591781 sending message 112 to peer 0x57b0768f0bf0 (12 bytes)
1770756886.591783 sending message 112 to peer 0x57b0768f0bf0 (13 bytes)
1770756886.591785 sending message 112 to peer 0x57b0768f0bf0 (9 bytes)
1770756886.591787 sending message 112 to peer 0x57b0768f0bf0 (9 bytes)
1770756886.591788 sending message 112 to peer 0x57b0768f0bf0 (12 bytes)
1770756886.591790 sending message 112 to peer 0x57b0768f0bf0 (8 bytes)
1770756886.591792 sending message 112 to peer 0x57b0768f0bf0 (8 bytes)
1770756886.591794 sending message 112 to peer 0x57b0768f0bf0 (7 bytes)
1770756886.591795 sending message 112 to peer 0x57b0768f0bf0 (7 bytes)
1770756886.591797 sending message 112 to peer 0x57b0768f0bf0 (9 bytes)
1770756886.591799 sending message 112 to peer 0x57b0768f0bf0 (13 bytes)
1770756886.591800 sending message 112 to peer 0x57b0768f0bf0 (6 bytes)
1770756886.591802 sending message 112 to peer 0x57b0768f0bf0 (9 bytes)
1770756886.591804 sending message 112 to peer 0x57b0768f0bf0 (15 bytes)
1770756886.591806 sending message 112 to peer 0x57b0768f0bf0 (13 bytes)
1770756886.591807 sending message 112 to peer 0x57b0768f0bf0 (12 bytes)
1770756886.591809 sending message 112 to peer 0x57b0768f0bf0 (8 bytes)
1770756886.591811 sending message 112 to peer 0x57b0768f0bf0 (14 bytes)
1770756886.591813 sending message 112 to peer 0x57b0768f0bf0 (11 bytes)
1770756886.591814 sending message 112 to peer 0x57b0768f0bf0 (9 bytes)
1770756886.591816 sending message 112 to peer 0x57b0768f0bf0 (10 bytes)
1770756886.591828 sending message 112 to peer 0x57b0768f0bf0 (10 bytes)
1770756886.591830 sending message 112 to peer 0x57b0768f0bf0 (10 bytes)
1770756886.591832 sending message 112 to peer 0x57b0768f0bf0 (10 bytes)
1770756886.591833 sending message 112 to peer 0x57b0768f0bf0 (11 bytes)
1770756886.591835 sending message 112 to peer 0x57b0768f0bf0 (12 bytes)
1770756886.591837 sending message 112 to peer 0x57b0768f0bf0 (12 bytes)
1770756886.591839 sending message 112 to peer 0x57b0768f0bf0 (12 bytes)
1770756886.591840 sending message 112 to peer 0x57b0768f0bf0 (12 bytes)
1770756886.591842 sending message 112 to peer 0x57b0768f0bf0 (12 bytes)
1770756886.591844 sending message 112 to peer 0x57b0768f0bf0 (11 bytes)
1770756886.591845 sending message 112 to peer 0x57b0768f0bf0 (11 bytes)
1770756886.591847 sending message 112 to peer 0x57b0768f0bf0 (12 bytes)
1770756886.591849 sending message 112 to peer 0x57b0768f0bf0 (12 bytes)
1770756886.591850 sending message 112 to peer 0x57b0768f0bf0 (12 bytes)
1770756886.591852 sending message 112 to peer 0x57b0768f0bf0 (12 bytes)
1770756886.591854 sending message 112 to peer 0x57b0768f0bf0 (12 bytes)
1770756886.591856 sending message 112 to peer 0x57b0768f0bf0 (10 bytes)
1770756886.591857 sending message 112 to peer 0x57b0768f0bf0 (12 bytes)
1770756886.591859 sending message 112 to peer 0x57b0768f0bf0 (13 bytes)
1770756886.591861 sending message 112 to peer 0x57b0768f0bf0 (13 bytes)
1770756886.591862 sending message 112 to peer 0x57b0768f0bf0 (13 bytes)
1770756886.591864 sending message 112 to peer 0x57b0768f0bf0 (13 bytes)
1770756886.591866 sending message 112 to peer 0x57b0768f0bf0 (13 bytes)
1770756886.591867 sending message 112 to peer 0x57b0768f0bf0 (8 bytes)
1770756886.591869 sending message 112 to peer 0x57b0768f0bf0 (11 bytes)
1770756886.591871 sending message 112 to peer 0x57b0768f0bf0 (11 bytes)
1770756886.591873 sending message 112 to peer 0x57b0768f0bf0 (11 bytes)
1770756886.591874 sending message 112 to peer 0x57b0768f0bf0 (12 bytes)
1770756886.591876 sending message 112 to peer 0x57b0768f0bf0 (12 bytes)
1770756886.591878 sending message 112 to peer 0x57b0768f0bf0 (12 bytes)
1770756886.591879 sending message 112 to peer 0x57b0768f0bf0 (12 bytes)
1770756886.591881 sending message 112 to peer 0x57b0768f0bf0 (13 bytes)
1770756886.591883 sending message 112 to peer 0x57b0768f0bf0 (13 bytes)
1770756886.591885 sending message 112 to peer 0x57b0768f0bf0 (13 bytes)
1770756886.591886 sending message 112 to peer 0x57b0768f0bf0 (8 bytes)
1770756886.591888 sending message 112 to peer 0x57b0768f0bf0 (13 bytes)
1770756886.591890 sending message 112 to peer 0x57b0768f0bf0 (13 bytes)
1770756886.591892 sending message 112 to peer 0x57b0768f0bf0 (13 bytes)
1770756886.591893 sending message 112 to peer 0x57b0768f0bf0 (13 bytes)
1770756886.591895 sending message 112 to peer 0x57b0768f0bf0 (13 bytes)
1770756886.591897 sending message 112 to peer 0x57b0768f0bf0 (12 bytes)
1770756886.591898 sending message 112 to peer 0x57b0768f0bf0 (12 bytes)
1770756886.591900 sending message 112 to peer 0x57b0768f0bf0 (12 bytes)
1770756886.591902 sending message 112 to peer 0x57b0768f0bf0 (12 bytes)
1770756886.591904 sending message 112 to peer 0x57b0768f0bf0 (13 bytes)
1770756886.591905 sending message 112 to peer 0x57b0768f0bf0 (8 bytes)
1770756886.591907 sending message 112 to peer 0x57b0768f0bf0 (13 bytes)
1770756886.591909 sending message 112 to peer 0x57b0768f0bf0 (13 bytes)
1770756886.591911 sending message 112 to peer 0x57b0768f0bf0 (13 bytes)
1770756886.591913 sending message 112 to peer 0x57b0768f0bf0 (13 bytes)
1770756886.591914 sending message 112 to peer 0x57b0768f0bf0 (13 bytes)
1770756886.591916 sending message 112 to peer 0x57b0768f0bf0 (13 bytes)
1770756886.591918 sending message 112 to peer 0x57b0768f0bf0 (13 bytes)
1770756886.591919 sending message 112 to peer 0x57b0768f0bf0 (12 bytes)
1770756886.591921 sending message 112 to peer 0x57b0768f0bf0 (12 bytes)
1770756886.591923 sending message 112 to peer 0x57b0768f0bf0 (12 bytes)
1770756886.591925 sending message 112 to peer 0x57b0768f0bf0 (8 bytes)
1770756886.591929 sending message 112 to peer 0x57b0768f0bf0 (12 bytes)
1770756886.591930 sending message 112 to peer 0x57b0768f0bf0 (13 bytes)
1770756886.591932 sending message 112 to peer 0x57b0768f0bf0 (13 bytes)
1770756886.591934 sending message 112 to peer 0x57b0768f0bf0 (13 bytes)
1770756886.591935 sending message 112 to peer 0x57b0768f0bf0 (13 bytes)
1770756886.591937 sending message 112 to peer 0x57b0768f0bf0 (13 bytes)
1770756886.591939 sending message 112 to peer 0x57b0768f0bf0 (13 bytes)
1770756886.591941 sending message 112 to peer 0x57b0768f0bf0 (13 bytes)
1770756886.591942 sending message 112 to peer 0x57b0768f0bf0 (13 bytes)
1770756886.591944 sending message 112 to peer 0x57b0768f0bf0 (12 bytes)
1770756886.591946 sending message 112 to peer 0x57b0768f0bf0 (10 bytes)
1770756886.591948 sending message 112 to peer 0x57b0768f0bf0 (12 bytes)
1770756886.591949 sending message 112 to peer 0x57b0768f0bf0 (12 bytes)
1770756886.591951 sending message 112 to peer 0x57b0768f0bf0 (12 bytes)
1770756886.591953 sending message 112 to peer 0x57b0768f0bf0 (13 bytes)
1770756886.591954 sending message 112 to peer 0x57b0768f0bf0 (13 bytes)
1770756886.591956 sending message 112 to peer 0x57b0768f0bf0 (13 bytes)
1770756886.591958 sending message 112 to peer 0x57b0768f0bf0 (13 bytes)
1770756886.591959 sending message 112 to peer 0x57b0768f0bf0 (13 bytes)
1770756886.591961 sending message 112 to peer 0x57b0768f0bf0 (13 bytes)
1770756886.591963 sending message 112 to peer 0x57b0768f0bf0 (13 bytes)
1770756886.591965 sending message 112 to peer 0x57b0768f0bf0 (10 bytes)
1770756886.591967 sending message 112 to peer 0x57b0768f0bf0 (13 bytes)
1770756886.591968 sending message 112 to peer 0x57b0768f0bf0 (12 bytes)
1770756886.591970 sending message 112 to peer 0x57b0768f0bf0 (12 bytes)
1770756886.591972 sending message 112 to peer 0x57b0768f0bf0 (12 bytes)
1770756886.591973 sending message 112 to peer 0x57b0768f0bf0 (10 bytes)
1770756886.591975 sending message 112 to peer 0x57b0768f0bf0 (10 bytes)
1770756886.591977 sending message 112 to peer 0x57b0768f0bf0 (10 bytes)
1770756886.591978 sending message 112 to peer 0x57b0768f0bf0 (12 bytes)
1770756886.591980 sending message 112 to peer 0x57b0768f0bf0 (13 bytes)
1770756886.591982 sending message 112 to peer 0x57b0768f0bf0 (13 bytes)
1770756886.591984 sending message 112 to peer 0x57b0768f0bf0 (13 bytes)
1770756886.591985 sending message 112 to peer 0x57b0768f0bf0 (13 bytes)
1770756886.591987 sending message 112 to peer 0x57b0768f0bf0 (13 bytes)
1770756886.591989 sending message 112 to peer 0x57b0768f0bf0 (11 bytes)
1770756886.591990 sending message 112 to peer 0x57b0768f0bf0 (11 bytes)
1770756886.591992 sending message 112 to peer 0x57b0768f0bf0 (12 bytes)
1770756886.591994 sending message 112 to peer 0x57b0768f0bf0 (12 bytes)
1770756886.591996 sending message 112 to peer 0x57b0768f0bf0 (12 bytes)
1770756886.591997 sending message 112 to peer 0x57b0768f0bf0 (12 bytes)
1770756886.591999 sending message 112 to peer 0x57b0768f0bf0 (12 bytes)
1770756886.592001 sending message 112 to peer 0x57b0768f0bf0 (11 bytes)
1770756886.592003 sending message 112 to peer 0x57b0768f0bf0 (12 bytes)
1770756886.592004 sending message 112 to peer 0x57b0768f0bf0 (12 bytes)
1770756886.592006 sending message 112 to peer 0x57b0768f0bf0 (13 bytes)
1770756886.592008 sending message 112 to peer 0x57b0768f0bf0 (13 bytes)
1770756886.592009 sending message 112 to peer 0x57b0768f0bf0 (13 bytes)
1770756886.592011 sending message 112 to peer 0x57b0768f0bf0 (13 bytes)
1770756886.592013 sending message 112 to peer 0x57b0768f0bf0 (13 bytes)
1770756886.592014 sending message 112 to peer 0x57b0768f0bf0 (10 bytes)
1770756886.592016 sending message 112 to peer 0x57b0768f0bf0 (9 bytes)
1770756886.592018 sending message 112 to peer 0x57b0768f0bf0 (12 bytes)
1770756886.592020 sending message 112 to peer 0x57b0768f0bf0 (13 bytes)
1770756886.592021 sending message 112 to peer 0x57b0768f0bf0 (13 bytes)
1770756886.592023 sending message 112 to peer 0x57b0768f0bf0 (13 bytes)
1770756886.592025 sending message 112 to peer 0x57b0768f0bf0 (13 bytes)
1770756886.592028 sending message 112 to peer 0x57b0768f0bf0 (13 bytes)
1770756886.592030 sending message 112 to peer 0x57b0768f0bf0 (9 bytes)
1770756886.592032 sending message 112 to peer 0x57b0768f0bf0 (12 bytes)
1770756886.592033 sending message 112 to peer 0x57b0768f0bf0 (13 bytes)
1770756886.592035 sending message 112 to peer 0x57b0768f0bf0 (13 bytes)
1770756886.592037 sending message 112 to peer 0x57b0768f0bf0 (13 bytes)
1770756886.592039 sending message 112 to peer 0x57b0768f0bf0 (13 bytes)
1770756886.592040 sending message 112 to peer 0x57b0768f0bf0 (13 bytes)
1770756886.592042 sending message 112 to peer 0x57b0768f0bf0 (11 bytes)
1770756886.592044 sending message 112 to peer 0x57b0768f0bf0 (12 bytes)
1770756886.592046 sending message 112 to peer 0x57b0768f0bf0 (13 bytes)
1770756886.592047 sending message 112 to peer 0x57b0768f0bf0 (13 bytes)
1770756886.592049 sending message 112 to peer 0x57b0768f0bf0 (13 bytes)
1770756886.592051 sending message 112 to peer 0x57b0768f0bf0 (13 bytes)
1770756886.592052 sending message 112 to peer 0x57b0768f0bf0 (13 bytes)
1770756886.592054 sending message 112 to peer 0x57b0768f0bf0 (11 bytes)
1770756886.592056 sending message 112 to peer 0x57b0768f0bf0 (12 bytes)
1770756886.592058 sending message 112 to peer 0x57b0768f0bf0 (12 bytes)
1770756886.592059 sending message 112 to peer 0x57b0768f0bf0 (12 bytes)
1770756886.592061 sending message 112 to peer 0x57b0768f0bf0 (12 bytes)
1770756886.592063 sending message 112 to peer 0x57b0768f0bf0 (12 bytes)
1770756886.592065 sending message 112 to peer 0x57b0768f0bf0 (21 bytes)
1770756886.592066 sending message 112 to peer 0x57b0768f0bf0 (12 bytes)
1770756886.592068 sending message 112 to peer 0x57b0768f0bf0 (9 bytes)
1770756886.592070 sending message 112 to peer 0x57b0768f0bf0 (6 bytes)
1770756886.592072 sending message 112 to peer 0x57b0768f0bf0 (13 bytes)
1770756886.592074 sending message 112 to peer 0x57b0768f0bf0 (8 bytes)
1770756886.592076 sending message 112 to peer 0x57b0768f0bf0 (15 bytes)
1770756886.592078 sending message 112 to peer 0x57b0768f0bf0 (13 bytes)
1770756886.592080 sending message 112 to peer 0x57b0768f0bf0 (9 bytes)
1770756886.592082 sending message 112 to peer 0x57b0768f0bf0 (70 bytes)
1770756886.592084 sending message 112 to peer 0x57b0768f0bf0 (69 bytes)
1770756886.592086 sending message 112 to peer 0x57b0768f0bf0 (10 bytes)
1770756886.592088 sending message 112 to peer 0x57b0768f0bf0 (10 bytes)
1770756886.592090 sending message 112 to peer 0x57b0768f0bf0 (8 bytes)
1770756886.592092 sending message 112 to peer 0x57b0768f0bf0 (15 bytes)
1770756886.592094 sending message 112 to peer 0x57b0768f0bf0 (13 bytes)
1770756886.592096 sending message 112 to peer 0x57b0768f0bf0 (10 bytes)
1770756886.592098 sending message 112 to peer 0x57b0768f0bf0 (10 bytes)
1770756886.592100 sending message 112 to peer 0x57b0768f0bf0 (17 bytes)
1770756886.592102 sending message 112 to peer 0x57b0768f0bf0 (10 bytes)
1770756886.592104 sending message 112 to peer 0x57b0768f0bf0 (13 bytes)
1770756886.592106 sending message 112 to peer 0x57b0768f0bf0 (9 bytes)
1770756886.592108 sending message 112 to peer 0x57b0768f0bf0 (5 bytes)
1770756886.592109 sending message 112 to peer 0x57b0768f0bf0 (15 bytes)
1770756886.592112 sending message 104 to peer 0x57b0768f0bf0 (0 bytes)
1770756886.592115 sending message 110 to peer 0x57b0768f0bf0 (0 bytes)
1770756886.592117 sending message 107 to peer 0x57b0768f0bf0 (4 bytes)
1770756886.592119 sending message 105 to peer 0x57b0768f0bf0 (41 bytes)
1770756886.592121 sending message 105 to peer 0x57b0768f0bf0 (20 bytes)
1770756886.592123 sending message 105 to peer 0x57b0768f0bf0 (11 bytes)
1770756886.592125 sending message 105 to peer 0x57b0768f0bf0 (37 bytes)
1770756886.592127 sending message 105 to peer 0x57b0768f0bf0 (12 bytes)
1770756886.592129 sending message 105 to peer 0x57b0768f0bf0 (13 bytes)
1770756886.592131 sending message 105 to peer 0x57b0768f0bf0 (27 bytes)
1770756886.592133 sending message 105 to peer 0x57b0768f0bf0 (42 bytes)
1770756886.592135 sending message 105 to peer 0x57b0768f0bf0 (18 bytes)
1770756886.592139 sending message 105 to peer 0x57b0768f0bf0 (78 bytes)
1770756886.592141 sending message 105 to peer 0x57b0768f0bf0 (45 bytes)
1770756886.592143 sending message 105 to peer 0x57b0768f0bf0 (25 bytes)
1770756886.592145 sending message 105 to peer 0x57b0768f0bf0 (32 bytes)
1770756886.592147 sending message 105 to peer 0x57b0768f0bf0 (22 bytes)
1770756886.592148 sending message 105 to peer 0x57b0768f0bf0 (16 bytes)
1770756886.592150 sending message 105 to peer 0x57b0768f0bf0 (13 bytes)
1770756886.592152 sending message 105 to peer 0x57b0768f0bf0 (19 bytes)
1770756886.592154 sending message 105 to peer 0x57b0768f0bf0 (21 bytes)
1770756886.592156 sending message 105 to peer 0x57b0768f0bf0 (46 bytes)
1770756886.592159 sending message 105 to peer 0x57b0768f0bf0 (2228 bytes)
1770756886.592174 sending message 105 to peer 0x57b0768f0bf0 (40 bytes)
1770756886.592176 sending message 105 to peer 0x57b0768f0bf0 (43 bytes)
1770756886.592178 sending message 105 to peer 0x57b0768f0bf0 (19 bytes)
1770756886.592180 sending message 105 to peer 0x57b0768f0bf0 (8 bytes)
1770756886.592182 sending message 105 to peer 0x57b0768f0bf0 (19 bytes)
1770756886.592184 sending message 105 to peer 0x57b0768f0bf0 (18 bytes)
1770756886.592185 sending message 105 to peer 0x57b0768f0bf0 (26 bytes)
1770756886.592187 sending message 105 to peer 0x57b0768f0bf0 (34 bytes)
1770756886.592189 sending message 105 to peer 0x57b0768f0bf0 (14 bytes)
1770756886.592191 sending message 105 to peer 0x57b0768f0bf0 (16 bytes)
1770756886.592193 sending message 105 to peer 0x57b0768f0bf0 (12 bytes)
1770756886.592195 sending message 105 to peer 0x57b0768f0bf0 (26 bytes)
1770756886.592196 sending message 105 to peer 0x57b0768f0bf0 (24 bytes)
1770756886.592198 sending message 105 to peer 0x57b0768f0bf0 (33 bytes)
1770756886.592200 sending message 105 to peer 0x57b0768f0bf0 (23 bytes)
1770756886.592202 sending message 105 to peer 0x57b0768f0bf0 (33 bytes)
1770756886.592204 sending message 105 to peer 0x57b0768f0bf0 (53 bytes)
1770756886.592206 sending message 105 to peer 0x57b0768f0bf0 (48 bytes)
1770756886.592207 sending message 105 to peer 0x57b0768f0bf0 (38 bytes)
1770756886.592209 sending message 105 to peer 0x57b0768f0bf0 (38 bytes)
1770756886.592211 sending message 105 to peer 0x57b0768f0bf0 (35 bytes)
1770756886.592213 sending message 105 to peer 0x57b0768f0bf0 (16 bytes)
1770756886.592215 sending message 106 to peer 0x57b0768f0bf0 (0 bytes)
1770756886.592299 sending message 200 to peer 0x57b0768f0bf0 (4 bytes)
1770756886.592302 client loop enter
1770756886.592907 peer 0x57b0768f0bf0 message 303
1770756886.592916 open write file 2 -
1770756886.592932 sending message 305 to peer 0x57b0768f0bf0 (8 bytes)
1770756886.592942 write check file 2
1770756886.593125 peer 0x57b0768f0bf0 message 304
1770756886.593133 write 58 to file 2
1770756886.593140 peer 0x57b0768f0bf0 message 203
1770756886.593142 file 2 58 bytes left
1770756886.593193 write check file 2
1770756886.593196 client loop exit
